[{'interface': 'FastEthernet0/0',
  'ip': '10.10.1.1',
  'protocol': 'up',
  'status': 'up'},
 {'interface': 'FastEthernet0/1',
  'ip': '192.168.1.73',
  'protocol': 'up',
  'status': 'up'},
 {'interface': 'FastEthernet1/0',
  'ip': 'unassigned',
  'protocol': 'down',
  'status': 'administratively down'},
 {'interface': 'FastEthernet1/1',
  'ip': 'unassigned',
  'protocol': 'down',
  'status': 'administratively down'},
 {'interface': 'FastEthernet1/2',
  'ip': 'unassigned',
  'protocol': 'down',
  'status': 'administratively down'},
 {'interface': 'FastEthernet1/3',
  'ip': 'unassigned',
  'protocol': 'down',
  'status': 'administratively down'},
 {'interface': 'FastEthernet1/4',
  'ip': 'unassigned',
  'protocol': 'down',
  'status': 'administratively down'},
 {'interface': 'FastEthernet1/5',
  'ip': 'unassigned',
  'protocol': 'down',
  'status': 'administratively down'},
 {'interface': 'FastEthernet1/6',
  'ip': 'unassigned',
  'protocol': 'down',
  'status': 'administratively down'},
 {'interface': 'FastEthernet1/7',
  'ip': 'unassigned',
  'protocol': 'down',
  'status': 'administratively down'},
 {'interface': 'FastEthernet1/8',
  'ip': 'unassigned',
  'protocol': 'down',
  'status': 'administratively down'},
 {'interface': 'FastEthernet1/9',
  'ip': 'unassigned',
  'protocol': 'down',
  'status': 'administratively down'},
 {'interface': 'FastEthernet1/10',
  'ip': 'unassigned',
  'protocol': 'down',
  'status': 'administratively down'},
 {'interface': 'FastEthernet1/11',
  'ip': 'unassigned',
  'protocol': 'down',
  'status': 'administratively down'},
 {'interface': 'FastEthernet1/12',
  'ip': 'unassigned',
  'protocol': 'down',
  'status': 'administratively down'},
 {'interface': 'FastEthernet1/13',
  'ip': 'unassigned',
  'protocol': 'down',
  'status': 'administratively down'},
 {'interface': 'FastEthernet1/14',
  'ip': 'unassigned',
  'protocol': 'down',
  'status': 'administratively down'},
 {'interface': 'FastEthernet1/15',
  'ip': 'unassigned',
  'protocol': 'down',
  'status': 'administratively down'},
 {'interface': 'Vlan1',
  'ip': 'unassigned',
  'protocol': 'down',
  'status': 'administratively down'}]