lvovivan@lvov:~/work/python_for_net/python-netops/21$ /bin/python3 /home/lvovivan/work/python_for_net/python-netops/21/task_21_5.py
{'192.168.1.70': [{'interface': 'FastEthernet0/0',
                   'ip_address': '10.10.1.1',
                   'proto': 'up',
                   'status': 'up'},
                  {'interface': 'FastEthernet0/1',
                   'ip_address': '192.168.1.70',
                   'proto': 'up',
                   'status': 'up'},
                  {'interface': 'FastEthernet1/0',
                   'ip_address': 'unassigned',
                   'proto': 'down',
                   'status': 'administratively down'},
                  {'interface': 'FastEthernet1/1',
                   'ip_address': 'unassigned',
                   'proto': 'down',
                   'status': 'administratively down'},
                  {'interface': 'FastEthernet1/2',
                   'ip_address': 'unassigned',
                   'proto': 'down',
                   'status': 'administratively down'},
                  {'interface': 'FastEthernet1/3',
                   'ip_address': 'unassigned',
                   'proto': 'down',
                   'status': 'administratively down'},
                  {'interface': 'FastEthernet1/4',
                   'ip_address': 'unassigned',
                   'proto': 'down',
                   'status': 'administratively down'},
                  {'interface': 'FastEthernet1/5',
                   'ip_address': 'unassigned',
                   'proto': 'down',
                   'status': 'administratively down'},
                  {'interface': 'FastEthernet1/6',
                   'ip_address': 'unassigned',
                   'proto': 'down',
                   'status': 'administratively down'},
                  {'interface': 'FastEthernet1/7',
                   'ip_address': 'unassigned',
                   'proto': 'down',
                   'status': 'administratively down'},
                  {'interface': 'FastEthernet1/8',
                   'ip_address': 'unassigned',
                   'proto': 'down',
                   'status': 'administratively down'},
                  {'interface': 'FastEthernet1/9',
                   'ip_address': 'unassigned',
                   'proto': 'down',
                   'status': 'administratively down'},
                  {'interface': 'FastEthernet1/10',
                   'ip_address': 'unassigned',
                   'proto': 'down',
                   'status': 'administratively down'},
                  {'interface': 'FastEthernet1/11',
                   'ip_address': 'unassigned',
                   'proto': 'down',
                   'status': 'administratively down'},
                  {'interface': 'FastEthernet1/12',
                   'ip_address': 'unassigned',
                   'proto': 'down',
                   'status': 'administratively down'},
                  {'interface': 'FastEthernet1/13',
                   'ip_address': 'unassigned',
                   'proto': 'down',
                   'status': 'administratively down'},
                  {'interface': 'FastEthernet1/14',
                   'ip_address': 'unassigned',
                   'proto': 'down',
                   'status': 'administratively down'},
                  {'interface': 'FastEthernet1/15',
                   'ip_address': 'unassigned',
                   'proto': 'down',
                   'status': 'administratively down'},
                  {'interface': 'Vlan1',
                   'ip_address': 'unassigned',
                   'proto': 'down',
                   'status': 'administratively down'}]}